<?xml version="1.0" encoding="UTF-8"?>
<!-- Generated by org.testng.reporters.JUnitReportReporter -->
<testsuite hostname="win7hp" name="com.avtech.Test.RegistrationTest" tests="1" failures="0" timestamp="2 May 2016 16:19:49 GMT" time="13.852" errors="0">
  <testcase name="registerByExcel" time="13.852" classname="com.avtech.Test.RegistrationTest"/>
</testsuite> <!-- com.avtech.Test.RegistrationTest -->
